# JRE version: Java(TM) SE Runtime Environment (17.0.2+8) (build 17.0.2+8-LTS-86)
# Java VM: Java HotSpot(TM) 64-Bit Server VM (17.0.2+8-LTS-86, mixed mode, sharing, tiered, compressed oops, compressed class ptrs, g1 gc, windows-amd64)
GC Precious Log:
 CPUs: 4 total, 4 available
 Memory: 3969M
 Large Page Support: Disabled
 NUMA Support: Disabled
 Compressed Oops: Enabled (32-bit)
 Heap Region Size: 1M
 Heap Min Capacity: 8M
 Heap Initial Capacity: 64M
 Heap Max Capacity: 994M
 Pre-touch: Disabled
 Parallel Workers: 4
 Concurrent Workers: 1
 Concurrent Refinement Workers: 4
 Periodic GC: Disabled
Heap:
 garbage-first heap   total 80896K, used 20329K [0x00000000c1e00000, 0x0000000100000000)
  region size 1024K, 5 young (5120K), 4 survivors (4096K)
 Metaspace       used 21418K, committed 21632K, reserved 1073152K
  class space    used 2558K, committed 2688K, reserved 1048576K
GC Heap History (12 events):
Event: 0.758 GC heap before
{Heap before GC invocations=0 (full 0):
 garbage-first heap   total 65536K, used 18432K [0x00000000c1e00000, 0x0000000100000000)
  region size 1024K, 13 young (13312K), 0 survivors (0K)
 Metaspace       used 1823K, committed 1984K, reserved 1056768K
  class space    used 159K, committed 256K, reserved 1048576K
}
Event: 0.766 GC heap after
{Heap after GC invocations=1 (full 0):
 garbage-first heap   total 65536K, used 12737K [0x00000000c1e00000, 0x0000000100000000)
  region size 1024K, 2 young (2048K), 2 survivors (2048K)
 Metaspace       used 1823K, committed 1984K, reserved 1056768K
  class space    used 159K, committed 256K, reserved 1048576K
}
Event: 1.837 GC heap before
{Heap before GC invocations=1 (full 0):
 garbage-first heap   total 65536K, used 22977K [0x00000000c1e00000, 0x0000000100000000)
  region size 1024K, 12 young (12288K), 2 survivors (2048K)
 Metaspace       used 5561K, committed 5760K, reserved 1056768K
  class space    used 549K, committed 640K, reserved 1048576K
}
Event: 1.845 GC heap after
{Heap after GC invocations=2 (full 0):
 garbage-first heap   total 65536K, used 15060K [0x00000000c1e00000, 0x0000000100000000)
  region size 1024K, 2 young (2048K), 2 survivors (2048K)
 Metaspace       used 5561K, committed 5760K, reserved 1056768K
  class space    used 549K, committed 640K, reserved 1048576K
}
Event: 2.359 GC heap before
{Heap before GC invocations=2 (full 0):
 garbage-first heap   total 65536K, used 31444K [0x00000000c1e00000, 0x0000000100000000)
  region size 1024K, 19 young (19456K), 2 survivors (2048K)
 Metaspace       used 8233K, committed 8448K, reserved 1056768K
  class space    used 892K, committed 1024K, reserved 1048576K
}
Event: 2.365 GC heap after
{Heap after GC invocations=3 (full 0):
 garbage-first heap   total 65536K, used 15830K [0x00000000c1e00000, 0x0000000100000000)
  region size 1024K, 1 young (1024K), 1 survivors (1024K)
 Metaspace       used 8233K, committed 8448K, reserved 1056768K
  class space    used 892K, committed 1024K, reserved 1048576K
}
Event: 2.426 GC heap before
{Heap before GC invocations=3 (full 0):
 garbage-first heap   total 65536K, used 40406K [0x00000000c1e00000, 0x0000000100000000)
  region size 1024K, 25 young (25600K), 1 survivors (1024K)
 Metaspace       used 8234K, committed 8448K, reserved 1056768K
  class space    used 892K, committed 1024K, reserved 1048576K
}
Event: 2.432 GC heap after
{Heap after GC invocations=4 (full 0):
 garbage-first heap   total 65536K, used 16431K [0x00000000c1e00000, 0x0000000100000000)
  region size 1024K, 2 young (2048K), 2 survivors (2048K)
 Metaspace       used 8234K, committed 8448K, reserved 1056768K
  class space    used 892K, committed 1024K, reserved 1048576K
}
Event: 3.223 GC heap before
{Heap before GC invocations=4 (full 0):
 garbage-first heap   total 65536K, used 45103K [0x00000000c1e00000, 0x0000000100000000)
  region size 1024K, 30 young (30720K), 2 survivors (2048K)
 Metaspace       used 14195K, committed 14400K, reserved 1064960K
  class space    used 1697K, committed 1792K, reserved 1048576K
}
Event: 3.233 GC heap after
{Heap after GC invocations=5 (full 0):
 garbage-first heap   total 65536K, used 18028K [0x00000000c1e00000, 0x0000000100000000)
  region size 1024K, 3 young (3072K), 3 survivors (3072K)
 Metaspace       used 14195K, committed 14400K, reserved 1064960K
  class space    used 1697K, committed 1792K, reserved 1048576K
}
Event: 4.610 GC heap before
{Heap before GC invocations=5 (full 0):
 garbage-first heap   total 65536K, used 35436K [0x00000000c1e00000, 0x0000000100000000)
  region size 1024K, 21 young (21504K), 3 survivors (3072K)
 Metaspace       used 21288K, committed 21504K, reserved 1073152K
  class space    used 2534K, committed 2688K, reserved 1048576K
}
Event: 4.621 GC heap after
{Heap after GC invocations=6 (full 0):
 garbage-first heap   total 80896K, used 20329K [0x00000000c1e00000, 0x0000000100000000)
  region size 1024K, 4 young (4096K), 4 survivors (4096K)
 Metaspace       used 21288K, committed 21504K, reserved 1073152K
  class space    used 2534K, committed 2688K, reserved 1048576K
}

