<?xml version="1.0" encoding="UTF-8"?>
<!-- Generated by org.testng.reporters.JUnitXMLReporter -->
<testsuite ignored="0" hostname="DESKTOP-61BCJDC" failures="1" tests="3" name="selenium_project_26march_b" time="189.861" errors="0" timestamp="22 Jun 2022 16:24:25 GMT">
  <testcase classname="TestNg.Test1" name="velocitylogin" time="52.191"/>
  <testcase classname="TestNg.Test1" name="zeroth" time="24.214"/>
  <testcase classname="TestNg.Text2" name="zeroth" time="0.008">
    <failure type="java.lang.IllegalStateException" message="The driver executable must exist: c:\webdriver\chromedriver.exe">
      <![CDATA[java.lang.IllegalStateException: The driver executable must exist: c:\webdriver\chromedriver.exe
at org.openqa.selenium.internal.Require$FileStateChecker.isFile(Require.java:342)
at org.openqa.selenium.remote.service.DriverService.checkExecutable(DriverService.java:147)
at org.openqa.selenium.remote.service.DriverService.findExecutable(DriverService.java:142)
at org.openqa.selenium.chrome.ChromeDriverService.access$000(ChromeDriverService.java:38)
at org.openqa.selenium.chrome.ChromeDriverService$Builder.findDefaultExecutable(ChromeDriverService.java:231)
at org.openqa.selenium.remote.service.DriverService$Builder.build(DriverService.java:437)
at org.openqa.selenium.chrome.ChromeDriverService.createDefaultService(ChromeDriverService.java:127)
at org.openqa.selenium.chrome.ChromeDriver.<init>(ChromeDriver.java:48)
at TestNg.Text2.zeroth(Text2.java:27)
at com.intellij.rt.testng.IDEARemoteTestNG.run(IDEARemoteTestNG.java:66)
at com.intellij.rt.testng.RemoteTestNGStarter.main(RemoteTestNGStarter.java:109)
... Removed 22 stack frames]]>
    </failure>
  </testcase> <!-- zeroth -->
</testsuite> <!-- selenium_project_26march_b -->
